  kn_channel.cpp
  kn_channels.cpp
  kn_coldet.cpp
  kn_controller.cpp
  kn_ct_motion.cpp
  kn_ct_posture.cpp
  kn_ct_scheduler.cpp
  kn_fbx_importer.cpp
  kn_ik_solver.cpp
  kn_ik.cpp
  kn_ik_body.cpp
  kn_ik_manipulator.cpp
  kn_joint.cpp
  kn_joint_euler.cpp
  kn_joint_name.cpp
  kn_joint_pos.cpp
  kn_joint_rot.cpp
  kn_joint_st.cpp
  kn_mconnection.cpp
  kn_motion.cpp
  Generating Code...
  Compiling...
  kn_motion_io.cpp
  kn_posture.cpp
  kn_scene.cpp
  kn_skeleton.cpp
  kn_skeleton_io.cpp
  kn_skin_scene.cpp
  kn_skin.cpp
  kn_vec_limits.cpp
  Generating Code...
  libsigkin.vcxproj -> D:\lab2\sig\vs2019\\obj\libsigkin_Debug_x64_v142\libsigkinmdd.lib
  D:\lab2\sig\vs2019\\obj\libsigkin_Debug_x64_v142\libsigkinmdd.lib
  D:\lab2\sig\vs2019\\obj\libsigkin_Debug_x64_v142\libsigkinmdd.pdb
          2 file(s) copied.
