  cd_implementation.cpp
  cd_manager.cpp
  gs.cpp
  gs_array.cpp
  gs_box.cpp
  gs_buffer.cpp
  gs_camera.cpp
  gs_color.cpp
  gs_dirs.cpp
  gs_euler.cpp
  gs_event.cpp
  gs_font.cpp
  gs_geo2.cpp
  gs_graph.cpp
  gs_grid.cpp
  gs_image.cpp
  gs_input.cpp
  gs_light.cpp
  gs_line.cpp
  gs_list.cpp
  Generating Code...
  Compiling...
  gs_list_node.cpp
  gs_cfg.cpp
  gs_mat.cpp
  gs_material.cpp
  gs_math.cpp
  gs_matn.cpp
  gs_model.cpp
  gs_model_3ds.cpp
  gs_model_io.cpp
  gs_model_iv.cpp
  gs_model_make.cpp
  gs_model_obj.cpp
  gs_output.cpp
  gs_plane.cpp
  gs_polygon.cpp
  gs_polygons.cpp
  gs_primitive.cpp
  gs_quat.cpp
  gs_rect.cpp
  gs_scandir.cpp
  Generating Code...
  Compiling...
  gs_slot_map.cpp
  gs_shareable.cpp
  gs_string.cpp
  gs_strings.cpp
  gs_table.cpp
  gs_time.cpp
  gs_timer.cpp
  gs_trackball.cpp
  gs_tree.cpp
  gs_val.cpp
  gs_var.cpp
  gs_vars.cpp
  gs_vec.cpp
  gs_vec2.cpp
  gs_vis_graph.cpp
  sa_action.cpp
  sa_bbox.cpp
  sa_eps_export.cpp
  sa_event.cpp
  sa_model_export.cpp
  Generating Code...
  Compiling...
  sa_render_mode.cpp
  sa_touch.cpp
  sn_color_surf.cpp
  sn_editor.cpp
  sn_group.cpp
  sn_lines.cpp
  sn_lines2.cpp
  sn_manipulator.cpp
  sn_model.cpp
  sn_node.cpp
  sn_points.cpp
  sn_poly_editor.cpp
  sn_polygons.cpp
  sn_primitive.cpp
  sn_shape.cpp
  sn_text.cpp
  sn_material.cpp
  sn_transform.cpp
  sn_planar_objects.cpp
  Generating Code...
  gs_stroke_font.cpp
  libsig.vcxproj -> D:\lab2\sig\vs2019\\obj\libsig_Debug_x64_v142\libsigmdd.lib
  D:\lab2\sig\vs2019\\obj\libsig_Debug_x64_v142\libsigmdd.lib
  D:\lab2\sig\vs2019\\obj\libsig_Debug_x64_v142\libsigmdd.pdb
          2 file(s) copied.
